<?xml version="1.0" encoding="UTF-8"?>
<coverage generated="1639463327574" clover="3.2.0">
  <project timestamp="1639463327574" name="All files">
    <metrics statements="34" coveredstatements="15" conditionals="12" coveredconditionals="1" methods="14" coveredmethods="6" elements="60" coveredelements="22" complexity="0" loc="34" ncloc="34" packages="2" files="5" classes="5"/>
    <package name="src">
      <metrics statements="24" coveredstatements="7" conditionals="10" coveredconditionals="0" methods="8" coveredmethods="1"/>
      <file name="bridge.debug.js" path="D:\Projects\personal\irsdk-node\src\bridge.debug.js">
        <metrics statements="1" coveredstatements="1" conditionals="0" coveredconditionals="0" methods="0" coveredmethods="0"/>
        <line num="1" count="2" type="stmt"/>
      </file>
      <file name="constants.ts" path="D:\Projects\personal\irsdk-node\src\constants.ts">
        <metrics statements="1" coveredstatements="1" conditionals="0" coveredconditionals="0" methods="0" coveredmethods="0"/>
        <line num="1" count="2" type="stmt"/>
      </file>
      <file name="irsdk-node.ts" path="D:\Projects\personal\irsdk-node\src\irsdk-node.ts">
        <metrics statements="22" coveredstatements="5" conditionals="10" coveredconditionals="0" methods="8" coveredmethods="1"/>
        <line num="6" count="1" type="stmt"/>
        <line num="14" count="0" type="stmt"/>
        <line num="20" count="0" type="stmt"/>
        <line num="29" count="0" type="stmt"/>
        <line num="33" count="0" type="stmt"/>
        <line num="37" count="1" type="stmt"/>
        <line num="38" count="1" type="stmt"/>
        <line num="39" count="1" type="stmt"/>
        <line num="40" count="1" type="stmt"/>
        <line num="42" count="0" type="stmt"/>
        <line num="44" count="0" type="stmt"/>
        <line num="45" count="0" type="stmt"/>
        <line num="49" count="0" type="cond" truecount="0" falsecount="2"/>
        <line num="57" count="0" type="cond" truecount="0" falsecount="2"/>
        <line num="58" count="0" type="stmt"/>
        <line num="59" count="0" type="cond" truecount="0" falsecount="4"/>
        <line num="62" count="0" type="stmt"/>
        <line num="64" count="0" type="stmt"/>
        <line num="66" count="0" type="stmt"/>
        <line num="71" count="0" type="cond" truecount="0" falsecount="2"/>
        <line num="72" count="0" type="stmt"/>
        <line num="76" count="0" type="stmt"/>
      </file>
    </package>
    <package name="src.utils">
      <metrics statements="10" coveredstatements="8" conditionals="2" coveredconditionals="1" methods="6" coveredmethods="5"/>
      <file name="index.ts" path="D:\Projects\personal\irsdk-node\src\utils\index.ts">
        <metrics statements="0" coveredstatements="0" conditionals="0" coveredconditionals="0" methods="0" coveredmethods="0"/>
      </file>
      <file name="sim-status.ts" path="D:\Projects\personal\irsdk-node\src\utils\sim-status.ts">
        <metrics statements="10" coveredstatements="8" conditionals="2" coveredconditionals="1" methods="6" coveredmethods="5"/>
        <line num="11" count="1" type="stmt"/>
        <line num="12" count="1" type="stmt"/>
        <line num="13" count="1" type="stmt"/>
        <line num="15" count="1" type="stmt"/>
        <line num="16" count="1" type="stmt"/>
        <line num="19" count="1" type="stmt"/>
        <line num="20" count="1" type="cond" truecount="1" falsecount="1"/>
        <line num="21" count="0" type="stmt"/>
        <line num="24" count="1" type="stmt"/>
        <line num="27" count="0" type="stmt"/>
      </file>
    </package>
  </project>
</coverage>
