{"D:\\Projects\\personal\\irsdk-node\\src\\bridge.debug.js": {"path":"D:\\Projects\\personal\\irsdk-node\\src\\bridge.debug.js","statementMap":{"0":{"start":{"line":1,"column":25},"end":{"line":1,"column":81}}},"fnMap":{},"branchMap":{},"s":{"0":2},"f":{},"b":{},"_coverageSchema":"1a1c01bbd47fc00a2c39e90264f33305004495a9","hash":"6973a3dd58c8b07595cee2a19adb12e40c833789"}
,"D:\\Projects\\personal\\irsdk-node\\src\\constants.ts": {"path":"D:\\Projects\\personal\\irsdk-node\\src\\constants.ts","statementMap":{"0":{"start":{"line":1,"column":30},"end":{"line":1,"column":86}}},"fnMap":{},"branchMap":{},"s":{"0":2},"f":{},"b":{},"_coverageSchema":"1a1c01bbd47fc00a2c39e90264f33305004495a9","hash":"3902334b93a40d8b4014015f29200827d484164e"}
,"D:\\Projects\\personal\\irsdk-node\\src\\irsdk-node.ts": {"path":"D:\\Projects\\personal\\irsdk-node\\src\\irsdk-node.ts","statementMap":{"0":{"start":{"line":6,"column":38},"end":{"line":6,"column":43}},"1":{"start":{"line":14,"column":31},"end":{"line":14,"column":36}},"2":{"start":{"line":20,"column":4},"end":{"line":20,"column":32}},"3":{"start":{"line":29,"column":4},"end":{"line":29,"column":36}},"4":{"start":{"line":33,"column":4},"end":{"line":33,"column":37}},"5":{"start":{"line":37,"column":4},"end":{"line":43,"column":5}},"6":{"start":{"line":38,"column":6},"end":{"line":38,"column":43}},"7":{"start":{"line":39,"column":21},"end":{"line":39,"column":41}},"8":{"start":{"line":40,"column":6},"end":{"line":40,"column":20}},"9":{"start":{"line":42,"column":6},"end":{"line":42,"column":71}},"10":{"start":{"line":44,"column":4},"end":{"line":44,"column":42}},"11":{"start":{"line":45,"column":4},"end":{"line":45,"column":17}},"12":{"start":{"line":49,"column":4},"end":{"line":49,"column":66}},"13":{"start":{"line":57,"column":4},"end":{"line":65,"column":5}},"14":{"start":{"line":58,"column":25},"end":{"line":58,"column":45}},"15":{"start":{"line":59,"column":6},"end":{"line":63,"column":7}},"16":{"start":{"line":62,"column":8},"end":{"line":62,"column":21}},"17":{"start":{"line":64,"column":6},"end":{"line":64,"column":18}},"18":{"start":{"line":66,"column":4},"end":{"line":66,"column":16}},"19":{"start":{"line":71,"column":20},"end":{"line":71,"column":76}},"20":{"start":{"line":72,"column":4},"end":{"line":72,"column":65}},"21":{"start":{"line":76,"column":4},"end":{"line":76,"column":82}}},"fnMap":{"0":{"name":"(anonymous_0)","decl":{"start":{"line":19,"column":2},"end":{"line":19,"column":3}},"loc":{"start":{"line":19,"column":16},"end":{"line":21,"column":3}},"line":19},"1":{"name":"(anonymous_1)","decl":{"start":{"line":28,"column":2},"end":{"line":28,"column":3}},"loc":{"start":{"line":28,"column":38},"end":{"line":30,"column":3}},"line":28},"2":{"name":"(anonymous_2)","decl":{"start":{"line":32,"column":2},"end":{"line":32,"column":3}},"loc":{"start":{"line":32,"column":43},"end":{"line":34,"column":3}},"line":32},"3":{"name":"(anonymous_3)","decl":{"start":{"line":36,"column":2},"end":{"line":36,"column":3}},"loc":{"start":{"line":36,"column":55},"end":{"line":46,"column":3}},"line":36},"4":{"name":"(anonymous_4)","decl":{"start":{"line":48,"column":2},"end":{"line":48,"column":3}},"loc":{"start":{"line":48,"column":40},"end":{"line":50,"column":3}},"line":48},"5":{"name":"(anonymous_5)","decl":{"start":{"line":56,"column":2},"end":{"line":56,"column":3}},"loc":{"start":{"line":56,"column":29},"end":{"line":67,"column":3}},"line":56},"6":{"name":"(anonymous_6)","decl":{"start":{"line":70,"column":2},"end":{"line":70,"column":3}},"loc":{"start":{"line":70,"column":49},"end":{"line":73,"column":3}},"line":70},"7":{"name":"(anonymous_7)","decl":{"start":{"line":75,"column":2},"end":{"line":75,"column":3}},"loc":{"start":{"line":75,"column":34},"end":{"line":77,"column":3}},"line":75}},"branchMap":{"0":{"loc":{"start":{"line":49,"column":11},"end":{"line":49,"column":65}},"type":"binary-expr","locations":[{"start":{"line":49,"column":11},"end":{"line":49,"column":40}},{"start":{"line":49,"column":44},"end":{"line":49,"column":65}}],"line":49},"1":{"loc":{"start":{"line":57,"column":4},"end":{"line":65,"column":5}},"type":"if","locations":[{"start":{"line":57,"column":4},"end":{"line":65,"column":5}},{"start":{},"end":{}}],"line":57},"2":{"loc":{"start":{"line":59,"column":6},"end":{"line":63,"column":7}},"type":"if","locations":[{"start":{"line":59,"column":6},"end":{"line":63,"column":7}},{"start":{},"end":{}}],"line":59},"3":{"loc":{"start":{"line":59,"column":10},"end":{"line":59,"column":49}},"type":"binary-expr","locations":[{"start":{"line":59,"column":10},"end":{"line":59,"column":21}},{"start":{"line":59,"column":25},"end":{"line":59,"column":49}}],"line":59},"4":{"loc":{"start":{"line":71,"column":20},"end":{"line":71,"column":76}},"type":"cond-expr","locations":[{"start":{"line":71,"column":30},"end":{"line":71,"column":52}},{"start":{"line":71,"column":55},"end":{"line":71,"column":76}}],"line":71}},"s":{"0":1,"1":0,"2":0,"3":0,"4":0,"5":1,"6":1,"7":1,"8":1,"9":0,"10":0,"11":0,"12":0,"13":0,"14":0,"15":0,"16":0,"17":0,"18":0,"19":0,"20":0,"21":0},"f":{"0":0,"1":0,"2":0,"3":1,"4":0,"5":0,"6":0,"7":0},"b":{"0":[0,0],"1":[0,0],"2":[0,0],"3":[0,0],"4":[0,0]},"_coverageSchema":"1a1c01bbd47fc00a2c39e90264f33305004495a9","hash":"7cb48c0592fcdad3577d544d47d8d0b63ee9a67a"}
,"D:\\Projects\\personal\\irsdk-node\\src\\utils\\index.ts": {"path":"D:\\Projects\\personal\\irsdk-node\\src\\utils\\index.ts","statementMap":{},"fnMap":{},"branchMap":{},"s":{},"f":{},"b":{},"_coverageSchema":"1a1c01bbd47fc00a2c39e90264f33305004495a9","hash":"8f343ad1a9ecd2fd5499b5d901ee1def0d7487af"}
,"D:\\Projects\\personal\\irsdk-node\\src\\utils\\sim-status.ts": {"path":"D:\\Projects\\personal\\irsdk-node\\src\\utils\\sim-status.ts","statementMap":{"0":{"start":{"line":11,"column":28},"end":{"line":29,"column":2}},"1":{"start":{"line":11,"column":52},"end":{"line":29,"column":2}},"2":{"start":{"line":12,"column":2},"end":{"line":28,"column":5}},"3":{"start":{"line":13,"column":15},"end":{"line":13,"column":17}},"4":{"start":{"line":15,"column":4},"end":{"line":17,"column":7}},"5":{"start":{"line":16,"column":6},"end":{"line":16,"column":16}},"6":{"start":{"line":19,"column":4},"end":{"line":25,"column":7}},"7":{"start":{"line":20,"column":6},"end":{"line":22,"column":7}},"8":{"start":{"line":21,"column":8},"end":{"line":21,"column":63}},"9":{"start":{"line":24,"column":6},"end":{"line":24,"column":42}},"10":{"start":{"line":27,"column":4},"end":{"line":27,"column":16}}},"fnMap":{"0":{"name":"(anonymous_0)","decl":{"start":{"line":11,"column":28},"end":{"line":11,"column":29}},"loc":{"start":{"line":11,"column":52},"end":{"line":29,"column":2}},"line":11},"1":{"name":"(anonymous_1)","decl":{"start":{"line":11,"column":64},"end":{"line":11,"column":65}},"loc":{"start":{"line":11,"column":85},"end":{"line":29,"column":1}},"line":11},"2":{"name":"(anonymous_2)","decl":{"start":{"line":12,"column":27},"end":{"line":12,"column":28}},"loc":{"start":{"line":12,"column":36},"end":{"line":26,"column":3}},"line":12},"3":{"name":"(anonymous_3)","decl":{"start":{"line":15,"column":19},"end":{"line":15,"column":20}},"loc":{"start":{"line":15,"column":26},"end":{"line":17,"column":5}},"line":15},"4":{"name":"(anonymous_4)","decl":{"start":{"line":19,"column":18},"end":{"line":19,"column":19}},"loc":{"start":{"line":19,"column":24},"end":{"line":25,"column":5}},"line":19},"5":{"name":"(anonymous_5)","decl":{"start":{"line":26,"column":17},"end":{"line":26,"column":18}},"loc":{"start":{"line":26,"column":49},"end":{"line":28,"column":3}},"line":26}},"branchMap":{"0":{"loc":{"start":{"line":20,"column":6},"end":{"line":22,"column":7}},"type":"if","locations":[{"start":{"line":20,"column":6},"end":{"line":22,"column":7}},{"start":{},"end":{}}],"line":20}},"s":{"0":1,"1":1,"2":1,"3":1,"4":1,"5":1,"6":1,"7":1,"8":0,"9":1,"10":0},"f":{"0":1,"1":1,"2":1,"3":1,"4":1,"5":0},"b":{"0":[0,1]},"_coverageSchema":"1a1c01bbd47fc00a2c39e90264f33305004495a9","hash":"d213dbbd7a9a5e2f5d1ffb74bec344788aec6fec"}
}
