{"D:\\Projects\\personal\\irsdk-node\\src\\bridge.debug.js": {"path":"D:\\Projects\\personal\\irsdk-node\\src\\bridge.debug.js","statementMap":{"0":{"start":{"line":1,"column":25},"end":{"line":1,"column":81}}},"fnMap":{},"branchMap":{},"s":{"0":2},"f":{},"b":{},"_coverageSchema":"1a1c01bbd47fc00a2c39e90264f33305004495a9","hash":"6973a3dd58c8b07595cee2a19adb12e40c833789"}
,"D:\\Projects\\personal\\irsdk-node\\src\\constants.ts": {"path":"D:\\Projects\\personal\\irsdk-node\\src\\constants.ts","statementMap":{"0":{"start":{"line":1,"column":30},"end":{"line":1,"column":86}}},"fnMap":{},"branchMap":{},"s":{"0":1},"f":{},"b":{},"_coverageSchema":"1a1c01bbd47fc00a2c39e90264f33305004495a9","hash":"3902334b93a40d8b4014015f29200827d484164e"}
,"D:\\Projects\\personal\\irsdk-node\\src\\irsdk-node.ts": {"path":"D:\\Projects\\personal\\irsdk-node\\src\\irsdk-node.ts","statementMap":{"0":{"start":{"line":5,"column":38},"end":{"line":5,"column":43}},"1":{"start":{"line":13,"column":31},"end":{"line":13,"column":36}},"2":{"start":{"line":19,"column":4},"end":{"line":19,"column":32}},"3":{"start":{"line":28,"column":4},"end":{"line":28,"column":36}},"4":{"start":{"line":32,"column":4},"end":{"line":32,"column":37}},"5":{"start":{"line":36,"column":4},"end":{"line":42,"column":5}},"6":{"start":{"line":37,"column":6},"end":{"line":37,"column":43}},"7":{"start":{"line":38,"column":21},"end":{"line":38,"column":41}},"8":{"start":{"line":39,"column":6},"end":{"line":39,"column":20}},"9":{"start":{"line":41,"column":6},"end":{"line":41,"column":71}},"10":{"start":{"line":43,"column":4},"end":{"line":43,"column":42}},"11":{"start":{"line":44,"column":4},"end":{"line":44,"column":17}},"12":{"start":{"line":48,"column":4},"end":{"line":48,"column":66}},"13":{"start":{"line":56,"column":4},"end":{"line":64,"column":5}},"14":{"start":{"line":57,"column":25},"end":{"line":57,"column":45}},"15":{"start":{"line":58,"column":6},"end":{"line":62,"column":7}},"16":{"start":{"line":61,"column":8},"end":{"line":61,"column":21}},"17":{"start":{"line":63,"column":6},"end":{"line":63,"column":18}},"18":{"start":{"line":65,"column":4},"end":{"line":65,"column":16}}},"fnMap":{"0":{"name":"(anonymous_0)","decl":{"start":{"line":18,"column":2},"end":{"line":18,"column":3}},"loc":{"start":{"line":18,"column":16},"end":{"line":20,"column":3}},"line":18},"1":{"name":"(anonymous_1)","decl":{"start":{"line":27,"column":2},"end":{"line":27,"column":3}},"loc":{"start":{"line":27,"column":38},"end":{"line":29,"column":3}},"line":27},"2":{"name":"(anonymous_2)","decl":{"start":{"line":31,"column":2},"end":{"line":31,"column":3}},"loc":{"start":{"line":31,"column":43},"end":{"line":33,"column":3}},"line":31},"3":{"name":"(anonymous_3)","decl":{"start":{"line":35,"column":2},"end":{"line":35,"column":3}},"loc":{"start":{"line":35,"column":55},"end":{"line":45,"column":3}},"line":35},"4":{"name":"(anonymous_4)","decl":{"start":{"line":47,"column":2},"end":{"line":47,"column":3}},"loc":{"start":{"line":47,"column":40},"end":{"line":49,"column":3}},"line":47},"5":{"name":"(anonymous_5)","decl":{"start":{"line":55,"column":2},"end":{"line":55,"column":3}},"loc":{"start":{"line":55,"column":29},"end":{"line":66,"column":3}},"line":55}},"branchMap":{"0":{"loc":{"start":{"line":48,"column":11},"end":{"line":48,"column":65}},"type":"binary-expr","locations":[{"start":{"line":48,"column":11},"end":{"line":48,"column":40}},{"start":{"line":48,"column":44},"end":{"line":48,"column":65}}],"line":48},"1":{"loc":{"start":{"line":56,"column":4},"end":{"line":64,"column":5}},"type":"if","locations":[{"start":{"line":56,"column":4},"end":{"line":64,"column":5}},{"start":{},"end":{}}],"line":56},"2":{"loc":{"start":{"line":58,"column":6},"end":{"line":62,"column":7}},"type":"if","locations":[{"start":{"line":58,"column":6},"end":{"line":62,"column":7}},{"start":{},"end":{}}],"line":58},"3":{"loc":{"start":{"line":58,"column":10},"end":{"line":58,"column":49}},"type":"binary-expr","locations":[{"start":{"line":58,"column":10},"end":{"line":58,"column":21}},{"start":{"line":58,"column":25},"end":{"line":58,"column":49}}],"line":58}},"s":{"0":1,"1":0,"2":0,"3":0,"4":0,"5":1,"6":1,"7":1,"8":1,"9":0,"10":0,"11":0,"12":0,"13":0,"14":0,"15":0,"16":0,"17":0,"18":0},"f":{"0":0,"1":0,"2":0,"3":1,"4":0,"5":0},"b":{"0":[0,0],"1":[0,0],"2":[0,0],"3":[0,0]},"_coverageSchema":"1a1c01bbd47fc00a2c39e90264f33305004495a9","hash":"98910f45bc9d69bc2099eeb8fe6977e5727ad026"}
,"D:\\Projects\\personal\\irsdk-node\\src\\utils\\index.ts": {"path":"D:\\Projects\\personal\\irsdk-node\\src\\utils\\index.ts","statementMap":{},"fnMap":{},"branchMap":{},"s":{},"f":{},"b":{},"_coverageSchema":"1a1c01bbd47fc00a2c39e90264f33305004495a9","hash":"8f343ad1a9ecd2fd5499b5d901ee1def0d7487af"}
,"D:\\Projects\\personal\\irsdk-node\\src\\utils\\sim-status.ts": {"path":"D:\\Projects\\personal\\irsdk-node\\src\\utils\\sim-status.ts","statementMap":{"0":{"start":{"line":11,"column":28},"end":{"line":29,"column":2}},"1":{"start":{"line":11,"column":52},"end":{"line":29,"column":2}},"2":{"start":{"line":12,"column":2},"end":{"line":28,"column":5}},"3":{"start":{"line":13,"column":15},"end":{"line":13,"column":17}},"4":{"start":{"line":15,"column":4},"end":{"line":17,"column":7}},"5":{"start":{"line":16,"column":6},"end":{"line":16,"column":16}},"6":{"start":{"line":19,"column":4},"end":{"line":25,"column":7}},"7":{"start":{"line":20,"column":6},"end":{"line":22,"column":7}},"8":{"start":{"line":21,"column":8},"end":{"line":21,"column":63}},"9":{"start":{"line":24,"column":6},"end":{"line":24,"column":42}},"10":{"start":{"line":27,"column":4},"end":{"line":27,"column":16}}},"fnMap":{"0":{"name":"(anonymous_0)","decl":{"start":{"line":11,"column":28},"end":{"line":11,"column":29}},"loc":{"start":{"line":11,"column":52},"end":{"line":29,"column":2}},"line":11},"1":{"name":"(anonymous_1)","decl":{"start":{"line":11,"column":64},"end":{"line":11,"column":65}},"loc":{"start":{"line":11,"column":85},"end":{"line":29,"column":1}},"line":11},"2":{"name":"(anonymous_2)","decl":{"start":{"line":12,"column":27},"end":{"line":12,"column":28}},"loc":{"start":{"line":12,"column":36},"end":{"line":26,"column":3}},"line":12},"3":{"name":"(anonymous_3)","decl":{"start":{"line":15,"column":19},"end":{"line":15,"column":20}},"loc":{"start":{"line":15,"column":26},"end":{"line":17,"column":5}},"line":15},"4":{"name":"(anonymous_4)","decl":{"start":{"line":19,"column":18},"end":{"line":19,"column":19}},"loc":{"start":{"line":19,"column":24},"end":{"line":25,"column":5}},"line":19},"5":{"name":"(anonymous_5)","decl":{"start":{"line":26,"column":17},"end":{"line":26,"column":18}},"loc":{"start":{"line":26,"column":49},"end":{"line":28,"column":3}},"line":26}},"branchMap":{"0":{"loc":{"start":{"line":20,"column":6},"end":{"line":22,"column":7}},"type":"if","locations":[{"start":{"line":20,"column":6},"end":{"line":22,"column":7}},{"start":{},"end":{}}],"line":20}},"s":{"0":1,"1":1,"2":1,"3":1,"4":1,"5":1,"6":1,"7":1,"8":0,"9":1,"10":0},"f":{"0":1,"1":1,"2":1,"3":1,"4":1,"5":0},"b":{"0":[0,1]},"_coverageSchema":"1a1c01bbd47fc00a2c39e90264f33305004495a9","hash":"d213dbbd7a9a5e2f5d1ffb74bec344788aec6fec"}
}
