TN:
SF:src\bridge.debug.js
FNF:0
FNH:0
DA:1,2
LF:1
LH:1
BRF:0
BRH:0
end_of_record
TN:
SF:src\constants.ts
FNF:0
FNH:0
DA:1,1
LF:1
LH:1
BRF:0
BRH:0
end_of_record
TN:
SF:src\irsdk-node.ts
FN:18,(anonymous_0)
FN:27,(anonymous_1)
FN:31,(anonymous_2)
FN:35,(anonymous_3)
FN:47,(anonymous_4)
FN:55,(anonymous_5)
FNF:6
FNH:1
FNDA:0,(anonymous_0)
FNDA:0,(anonymous_1)
FNDA:0,(anonymous_2)
FNDA:1,(anonymous_3)
FNDA:0,(anonymous_4)
FNDA:0,(anonymous_5)
DA:5,1
DA:13,0
DA:19,0
DA:28,0
DA:32,0
DA:36,1
DA:37,1
DA:38,1
DA:39,1
DA:41,0
DA:43,0
DA:44,0
DA:48,0
DA:56,0
DA:57,0
DA:58,0
DA:61,0
DA:63,0
DA:65,0
LF:19
LH:5
BRDA:48,0,0,0
BRDA:48,0,1,0
BRDA:56,1,0,0
BRDA:56,1,1,0
BRDA:58,2,0,0
BRDA:58,2,1,0
BRDA:58,3,0,0
BRDA:58,3,1,0
BRF:8
BRH:0
end_of_record
TN:
SF:src\utils\index.ts
FNF:0
FNH:0
LF:0
LH:0
BRF:0
BRH:0
end_of_record
TN:
SF:src\utils\sim-status.ts
FN:11,(anonymous_0)
FN:11,(anonymous_1)
FN:12,(anonymous_2)
FN:15,(anonymous_3)
FN:19,(anonymous_4)
FN:26,(anonymous_5)
FNF:6
FNH:5
FNDA:1,(anonymous_0)
FNDA:1,(anonymous_1)
FNDA:1,(anonymous_2)
FNDA:1,(anonymous_3)
FNDA:1,(anonymous_4)
FNDA:0,(anonymous_5)
DA:11,1
DA:12,1
DA:13,1
DA:15,1
DA:16,1
DA:19,1
DA:20,1
DA:21,0
DA:24,1
DA:27,0
LF:10
LH:8
BRDA:20,0,0,0
BRDA:20,0,1,1
BRF:2
BRH:1
end_of_record
